2015-10-20 21:57:44,099 [INFO] from play.api.libs.concurrent.ActorSystemProvider in pool-6-thread-4 - Starting application default Akka system: application
2015-10-20 21:57:44,402 [INFO] from play.core.server.NettyServer in pool-6-thread-4 - Listening for HTTP on /0:0:0:0:0:0:0:0:9000
2015-10-20 22:00:26,692 [INFO] from play.api.libs.concurrent.ActorSystemProvider in ForkJoinPool-1-worker-1 - Starting application default Akka system: application
2015-10-20 22:00:30,642 [INFO] from play.api.Play in ForkJoinPool-1-worker-1 - Application started (Dev)
2015-10-20 22:04:42,295 [INFO] from play.api.libs.concurrent.ActorSystemProvider in application-akka.actor.default-dispatcher-5 - Shutdown application default Akka system: application
2015-10-20 22:04:49,129 [INFO] from play.api.libs.concurrent.ActorSystemProvider in application-akka.actor.default-dispatcher-5 - Starting application default Akka system: application
2015-10-20 22:04:50,374 [INFO] from play.api.Play in application-akka.actor.default-dispatcher-5 - Application started (Dev)
2015-10-20 22:05:55,886 [INFO] from play.api.libs.concurrent.ActorSystemProvider in application-akka.actor.default-dispatcher-7 - Shutdown application default Akka system: application
2015-10-20 22:05:57,236 [ERROR] from application in New I/O worker #3 - 

! @6noni3acd - Internal server error, for (GET) [/] ->
 
play.api.UnexpectedException: Unexpected exception[CreationException: Unable to create injector, see the following errors:

1) Error injecting constructor, java.lang.RuntimeException: There is no started application
  at models.daos.UserDAOImpl.<init>(UserDAOImpl.scala:18)
  while locating models.daos.UserDAOImpl
    for parameter 0 at modules.InitialData.<init>(InitialData.scala:17)
  at modules.SilhouetteModule.configure(SilhouetteModule.scala:53) (via modules: com.google.inject.util.Modules$OverrideModule -> modules.SilhouetteModule)
  while locating modules.InitialData

1 error]
	at play.core.server.DevServerStart$$anonfun$mainDev$1$$anon$1$$anonfun$get$1$$anonfun$apply$1$$anonfun$1.apply(DevServerStart.scala:165) ~[play-server_2.11-2.4.2.jar:2.4.2]
	at play.core.server.DevServerStart$$anonfun$mainDev$1$$anon$1$$anonfun$get$1$$anonfun$apply$1$$anonfun$1.apply(DevServerStart.scala:121) ~[play-server_2.11-2.4.2.jar:2.4.2]
	at scala.Option.map(Option.scala:146) ~[scala-library-2.11.7.jar:na]
	at play.core.server.DevServerStart$$anonfun$mainDev$1$$anon$1$$anonfun$get$1$$anonfun$apply$1.apply(DevServerStart.scala:121) ~[play-server_2.11-2.4.2.jar:2.4.2]
	at play.core.server.DevServerStart$$anonfun$mainDev$1$$anon$1$$anonfun$get$1$$anonfun$apply$1.apply(DevServerStart.scala:119) ~[play-server_2.11-2.4.2.jar:2.4.2]
	at scala.util.Success.flatMap(Try.scala:231) ~[scala-library-2.11.7.jar:na]
	at play.core.server.DevServerStart$$anonfun$mainDev$1$$anon$1$$anonfun$get$1.apply(DevServerStart.scala:119) ~[play-server_2.11-2.4.2.jar:2.4.2]
	at play.core.server.DevServerStart$$anonfun$mainDev$1$$anon$1$$anonfun$get$1.apply(DevServerStart.scala:111) ~[play-server_2.11-2.4.2.jar:2.4.2]
	at scala.concurrent.impl.Future$PromiseCompletingRunnable.liftedTree1$1(Future.scala:24) ~[scala-library-2.11.7.jar:na]
	at scala.concurrent.impl.Future$PromiseCompletingRunnable.run(Future.scala:24) ~[scala-library-2.11.7.jar:na]
	at akka.dispatch.TaskInvocation.run(AbstractDispatcher.scala:40) ~[akka-actor_2.11-2.3.11.jar:na]
	at akka.dispatch.ForkJoinExecutorConfigurator$AkkaForkJoinTask.exec(AbstractDispatcher.scala:397) ~[akka-actor_2.11-2.3.11.jar:na]
	at scala.concurrent.forkjoin.ForkJoinTask.doExec(ForkJoinTask.java:260) ~[scala-library-2.11.7.jar:na]
	at scala.concurrent.forkjoin.ForkJoinPool$WorkQueue.runTask(ForkJoinPool.java:1339) ~[scala-library-2.11.7.jar:na]
	at scala.concurrent.forkjoin.ForkJoinPool.runWorker(ForkJoinPool.java:1979) ~[scala-library-2.11.7.jar:na]
	at scala.concurrent.forkjoin.ForkJoinWorkerThread.run(ForkJoinWorkerThread.java:107) ~[scala-library-2.11.7.jar:na]
Caused by: com.google.inject.CreationException: Unable to create injector, see the following errors:

1) Error injecting constructor, java.lang.RuntimeException: There is no started application
  at models.daos.UserDAOImpl.<init>(UserDAOImpl.scala:18)
  while locating models.daos.UserDAOImpl
    for parameter 0 at modules.InitialData.<init>(InitialData.scala:17)
  at modules.SilhouetteModule.configure(SilhouetteModule.scala:53) (via modules: com.google.inject.util.Modules$OverrideModule -> modules.SilhouetteModule)
  while locating modules.InitialData

1 error
	at com.google.inject.internal.Errors.throwCreationExceptionIfErrorsExist(Errors.java:466) ~[guice-4.0.jar:na]
	at com.google.inject.internal.InternalInjectorCreator.injectDynamically(InternalInjectorCreator.java:184) ~[guice-4.0.jar:na]
	at com.google.inject.internal.InternalInjectorCreator.build(InternalInjectorCreator.java:110) ~[guice-4.0.jar:na]
	at com.google.inject.Guice.createInjector(Guice.java:96) ~[guice-4.0.jar:na]
	at com.google.inject.Guice.createInjector(Guice.java:73) ~[guice-4.0.jar:na]
	at com.google.inject.Guice.createInjector(Guice.java:62) ~[guice-4.0.jar:na]
	at play.api.inject.guice.GuiceBuilder.injector(GuiceInjectorBuilder.scala:126) ~[play_2.11-2.4.2.jar:2.4.2]
	at play.api.inject.guice.GuiceApplicationBuilder.build(GuiceApplicationBuilder.scala:93) ~[play_2.11-2.4.2.jar:2.4.2]
	at play.api.inject.guice.GuiceApplicationLoader.load(GuiceApplicationLoader.scala:21) ~[play_2.11-2.4.2.jar:2.4.2]
	at play.core.server.DevServerStart$$anonfun$mainDev$1$$anon$1$$anonfun$get$1$$anonfun$apply$1$$anonfun$1$$anonfun$2.apply(DevServerStart.scala:153) ~[play-server_2.11-2.4.2.jar:2.4.2]
	at play.core.server.DevServerStart$$anonfun$mainDev$1$$anon$1$$anonfun$get$1$$anonfun$apply$1$$anonfun$1$$anonfun$2.apply(DevServerStart.scala:150) ~[play-server_2.11-2.4.2.jar:2.4.2]
	at play.utils.Threads$.withContextClassLoader(Threads.scala:21) ~[play_2.11-2.4.2.jar:2.4.2]
	at play.core.server.DevServerStart$$anonfun$mainDev$1$$anon$1$$anonfun$get$1$$anonfun$apply$1$$anonfun$1.apply(DevServerStart.scala:150) ~[play-server_2.11-2.4.2.jar:2.4.2]
	... 15 common frames omitted
Caused by: java.lang.RuntimeException: There is no started application
	at scala.sys.package$.error(package.scala:27) ~[scala-library-2.11.7.jar:na]
	at play.api.Play$$anonfun$current$1.apply(Play.scala:71) ~[play_2.11-2.4.2.jar:2.4.2]
	at play.api.Play$$anonfun$current$1.apply(Play.scala:71) ~[play_2.11-2.4.2.jar:2.4.2]
	at scala.Option.getOrElse(Option.scala:121) ~[scala-library-2.11.7.jar:na]
	at play.api.Play$.current(Play.scala:71) ~[play_2.11-2.4.2.jar:2.4.2]
	at models.daos.DAOSlick$class.$init$(DAOSlick.scala:12) ~[na:na]
	at models.daos.UserDAOImpl.<init>(UserDAOImpl.scala:18) ~[na:na]
	at models.daos.UserDAOImpl$$FastClassByGuice$$d7751e1e.newInstance(<generated>) ~[na:na]
	at com.google.inject.internal.cglib.reflect.$FastConstructor.newInstance(FastConstructor.java:40) ~[guice-4.0.jar:na]
	at com.google.inject.internal.DefaultConstructionProxyFactory$1.newInstance(DefaultConstructionProxyFactory.java:61) ~[guice-4.0.jar:na]
	at com.google.inject.internal.ConstructorInjector.provision(ConstructorInjector.java:105) ~[guice-4.0.jar:na]
	at com.google.inject.internal.ConstructorInjector.construct(ConstructorInjector.java:85) ~[guice-4.0.jar:na]
	at com.google.inject.internal.ConstructorBindingImpl$Factory.get(ConstructorBindingImpl.java:267) ~[guice-4.0.jar:na]
	at com.google.inject.internal.SingleParameterInjector.inject(SingleParameterInjector.java:38) ~[guice-4.0.jar:na]
	at com.google.inject.internal.SingleParameterInjector.getAll(SingleParameterInjector.java:62) ~[guice-4.0.jar:na]
	at com.google.inject.internal.ConstructorInjector.provision(ConstructorInjector.java:104) ~[guice-4.0.jar:na]
	at com.google.inject.internal.ConstructorInjector.construct(ConstructorInjector.java:85) ~[guice-4.0.jar:na]
	at com.google.inject.internal.ConstructorBindingImpl$Factory.get(ConstructorBindingImpl.java:267) ~[guice-4.0.jar:na]
	at com.google.inject.internal.ProviderToInternalFactoryAdapter$1.call(ProviderToInternalFactoryAdapter.java:46) ~[guice-4.0.jar:na]
	at com.google.inject.internal.InjectorImpl.callInContext(InjectorImpl.java:1103) ~[guice-4.0.jar:na]
	at com.google.inject.internal.ProviderToInternalFactoryAdapter.get(ProviderToInternalFactoryAdapter.java:40) ~[guice-4.0.jar:na]
	at com.google.inject.internal.SingletonScope$1.get(SingletonScope.java:145) ~[guice-4.0.jar:na]
	at com.google.inject.internal.InternalFactoryToProviderAdapter.get(InternalFactoryToProviderAdapter.java:41) ~[guice-4.0.jar:na]
	at com.google.inject.internal.InternalInjectorCreator$1.call(InternalInjectorCreator.java:205) ~[guice-4.0.jar:na]
	at com.google.inject.internal.InternalInjectorCreator$1.call(InternalInjectorCreator.java:199) ~[guice-4.0.jar:na]
	at com.google.inject.internal.InjectorImpl.callInContext(InjectorImpl.java:1092) ~[guice-4.0.jar:na]
	at com.google.inject.internal.InternalInjectorCreator.loadEagerSingletons(InternalInjectorCreator.java:199) ~[guice-4.0.jar:na]
	at com.google.inject.internal.InternalInjectorCreator.injectDynamically(InternalInjectorCreator.java:180) ~[guice-4.0.jar:na]
	... 26 common frames omitted
2015-10-20 22:12:17,888 [INFO] from play.api.libs.concurrent.ActorSystemProvider in ForkJoinPool-1-worker-1 - Starting application default Akka system: application
2015-10-20 22:12:18,859 [INFO] from play.api.Play in ForkJoinPool-1-worker-1 - Application started (Dev)
2015-10-20 22:19:26,637 [INFO] from play.api.libs.concurrent.ActorSystemProvider in application-akka.actor.default-dispatcher-2 - Shutdown application default Akka system: application
2015-10-20 22:19:27,817 [ERROR] from application in New I/O worker #3 - 

! @6nonjndgl - Internal server error, for (GET) [/] ->
 
play.api.UnexpectedException: Unexpected exception[CreationException: Unable to create injector, see the following errors:

1) Error injecting constructor, java.lang.RuntimeException: There is no started application
  at models.daos.UserDAOImpl.<init>(UserDAOImpl.scala:18)
  while locating models.daos.UserDAOImpl
    for parameter 0 at modules.InitialData.<init>(InitialData.scala:16)
  at modules.SilhouetteModule.configure(SilhouetteModule.scala:56) (via modules: com.google.inject.util.Modules$OverrideModule -> modules.SilhouetteModule)
  while locating modules.InitialData

1 error]
	at play.core.server.DevServerStart$$anonfun$mainDev$1$$anon$1$$anonfun$get$1$$anonfun$apply$1$$anonfun$1.apply(DevServerStart.scala:165) ~[play-server_2.11-2.4.2.jar:2.4.2]
	at play.core.server.DevServerStart$$anonfun$mainDev$1$$anon$1$$anonfun$get$1$$anonfun$apply$1$$anonfun$1.apply(DevServerStart.scala:121) ~[play-server_2.11-2.4.2.jar:2.4.2]
	at scala.Option.map(Option.scala:146) ~[scala-library-2.11.7.jar:na]
	at play.core.server.DevServerStart$$anonfun$mainDev$1$$anon$1$$anonfun$get$1$$anonfun$apply$1.apply(DevServerStart.scala:121) ~[play-server_2.11-2.4.2.jar:2.4.2]
	at play.core.server.DevServerStart$$anonfun$mainDev$1$$anon$1$$anonfun$get$1$$anonfun$apply$1.apply(DevServerStart.scala:119) ~[play-server_2.11-2.4.2.jar:2.4.2]
	at scala.util.Success.flatMap(Try.scala:231) ~[scala-library-2.11.7.jar:na]
	at play.core.server.DevServerStart$$anonfun$mainDev$1$$anon$1$$anonfun$get$1.apply(DevServerStart.scala:119) ~[play-server_2.11-2.4.2.jar:2.4.2]
	at play.core.server.DevServerStart$$anonfun$mainDev$1$$anon$1$$anonfun$get$1.apply(DevServerStart.scala:111) ~[play-server_2.11-2.4.2.jar:2.4.2]
	at scala.concurrent.impl.Future$PromiseCompletingRunnable.liftedTree1$1(Future.scala:24) ~[scala-library-2.11.7.jar:na]
	at scala.concurrent.impl.Future$PromiseCompletingRunnable.run(Future.scala:24) ~[scala-library-2.11.7.jar:na]
	at akka.dispatch.TaskInvocation.run(AbstractDispatcher.scala:40) ~[akka-actor_2.11-2.3.11.jar:na]
	at akka.dispatch.ForkJoinExecutorConfigurator$AkkaForkJoinTask.exec(AbstractDispatcher.scala:397) ~[akka-actor_2.11-2.3.11.jar:na]
	at scala.concurrent.forkjoin.ForkJoinTask.doExec(ForkJoinTask.java:260) ~[scala-library-2.11.7.jar:na]
	at scala.concurrent.forkjoin.ForkJoinPool$WorkQueue.runTask(ForkJoinPool.java:1339) ~[scala-library-2.11.7.jar:na]
	at scala.concurrent.forkjoin.ForkJoinPool.runWorker(ForkJoinPool.java:1979) ~[scala-library-2.11.7.jar:na]
	at scala.concurrent.forkjoin.ForkJoinWorkerThread.run(ForkJoinWorkerThread.java:107) ~[scala-library-2.11.7.jar:na]
Caused by: com.google.inject.CreationException: Unable to create injector, see the following errors:

1) Error injecting constructor, java.lang.RuntimeException: There is no started application
  at models.daos.UserDAOImpl.<init>(UserDAOImpl.scala:18)
  while locating models.daos.UserDAOImpl
    for parameter 0 at modules.InitialData.<init>(InitialData.scala:16)
  at modules.SilhouetteModule.configure(SilhouetteModule.scala:56) (via modules: com.google.inject.util.Modules$OverrideModule -> modules.SilhouetteModule)
  while locating modules.InitialData

1 error
	at com.google.inject.internal.Errors.throwCreationExceptionIfErrorsExist(Errors.java:466) ~[guice-4.0.jar:na]
	at com.google.inject.internal.InternalInjectorCreator.injectDynamically(InternalInjectorCreator.java:184) ~[guice-4.0.jar:na]
	at com.google.inject.internal.InternalInjectorCreator.build(InternalInjectorCreator.java:110) ~[guice-4.0.jar:na]
	at com.google.inject.Guice.createInjector(Guice.java:96) ~[guice-4.0.jar:na]
	at com.google.inject.Guice.createInjector(Guice.java:73) ~[guice-4.0.jar:na]
	at com.google.inject.Guice.createInjector(Guice.java:62) ~[guice-4.0.jar:na]
	at play.api.inject.guice.GuiceBuilder.injector(GuiceInjectorBuilder.scala:126) ~[play_2.11-2.4.2.jar:2.4.2]
	at play.api.inject.guice.GuiceApplicationBuilder.build(GuiceApplicationBuilder.scala:93) ~[play_2.11-2.4.2.jar:2.4.2]
	at play.api.inject.guice.GuiceApplicationLoader.load(GuiceApplicationLoader.scala:21) ~[play_2.11-2.4.2.jar:2.4.2]
	at play.core.server.DevServerStart$$anonfun$mainDev$1$$anon$1$$anonfun$get$1$$anonfun$apply$1$$anonfun$1$$anonfun$2.apply(DevServerStart.scala:153) ~[play-server_2.11-2.4.2.jar:2.4.2]
	at play.core.server.DevServerStart$$anonfun$mainDev$1$$anon$1$$anonfun$get$1$$anonfun$apply$1$$anonfun$1$$anonfun$2.apply(DevServerStart.scala:150) ~[play-server_2.11-2.4.2.jar:2.4.2]
	at play.utils.Threads$.withContextClassLoader(Threads.scala:21) ~[play_2.11-2.4.2.jar:2.4.2]
	at play.core.server.DevServerStart$$anonfun$mainDev$1$$anon$1$$anonfun$get$1$$anonfun$apply$1$$anonfun$1.apply(DevServerStart.scala:150) ~[play-server_2.11-2.4.2.jar:2.4.2]
	... 15 common frames omitted
Caused by: java.lang.RuntimeException: There is no started application
	at scala.sys.package$.error(package.scala:27) ~[scala-library-2.11.7.jar:na]
	at play.api.Play$$anonfun$current$1.apply(Play.scala:71) ~[play_2.11-2.4.2.jar:2.4.2]
	at play.api.Play$$anonfun$current$1.apply(Play.scala:71) ~[play_2.11-2.4.2.jar:2.4.2]
	at scala.Option.getOrElse(Option.scala:121) ~[scala-library-2.11.7.jar:na]
	at play.api.Play$.current(Play.scala:71) ~[play_2.11-2.4.2.jar:2.4.2]
	at models.daos.DAOSlick$class.$init$(DAOSlick.scala:12) ~[na:na]
	at models.daos.UserDAOImpl.<init>(UserDAOImpl.scala:18) ~[na:na]
	at models.daos.UserDAOImpl$$FastClassByGuice$$d7751e1e.newInstance(<generated>) ~[na:na]
	at com.google.inject.internal.cglib.reflect.$FastConstructor.newInstance(FastConstructor.java:40) ~[guice-4.0.jar:na]
	at com.google.inject.internal.DefaultConstructionProxyFactory$1.newInstance(DefaultConstructionProxyFactory.java:61) ~[guice-4.0.jar:na]
	at com.google.inject.internal.ConstructorInjector.provision(ConstructorInjector.java:105) ~[guice-4.0.jar:na]
	at com.google.inject.internal.ConstructorInjector.construct(ConstructorInjector.java:85) ~[guice-4.0.jar:na]
	at com.google.inject.internal.ConstructorBindingImpl$Factory.get(ConstructorBindingImpl.java:267) ~[guice-4.0.jar:na]
	at com.google.inject.internal.SingleParameterInjector.inject(SingleParameterInjector.java:38) ~[guice-4.0.jar:na]
	at com.google.inject.internal.SingleParameterInjector.getAll(SingleParameterInjector.java:62) ~[guice-4.0.jar:na]
	at com.google.inject.internal.ConstructorInjector.provision(ConstructorInjector.java:104) ~[guice-4.0.jar:na]
	at com.google.inject.internal.ConstructorInjector.construct(ConstructorInjector.java:85) ~[guice-4.0.jar:na]
	at com.google.inject.internal.ConstructorBindingImpl$Factory.get(ConstructorBindingImpl.java:267) ~[guice-4.0.jar:na]
	at com.google.inject.internal.ProviderToInternalFactoryAdapter$1.call(ProviderToInternalFactoryAdapter.java:46) ~[guice-4.0.jar:na]
	at com.google.inject.internal.InjectorImpl.callInContext(InjectorImpl.java:1103) ~[guice-4.0.jar:na]
	at com.google.inject.internal.ProviderToInternalFactoryAdapter.get(ProviderToInternalFactoryAdapter.java:40) ~[guice-4.0.jar:na]
	at com.google.inject.internal.SingletonScope$1.get(SingletonScope.java:145) ~[guice-4.0.jar:na]
	at com.google.inject.internal.InternalFactoryToProviderAdapter.get(InternalFactoryToProviderAdapter.java:41) ~[guice-4.0.jar:na]
	at com.google.inject.internal.InternalInjectorCreator$1.call(InternalInjectorCreator.java:205) ~[guice-4.0.jar:na]
	at com.google.inject.internal.InternalInjectorCreator$1.call(InternalInjectorCreator.java:199) ~[guice-4.0.jar:na]
	at com.google.inject.internal.InjectorImpl.callInContext(InjectorImpl.java:1092) ~[guice-4.0.jar:na]
	at com.google.inject.internal.InternalInjectorCreator.loadEagerSingletons(InternalInjectorCreator.java:199) ~[guice-4.0.jar:na]
	at com.google.inject.internal.InternalInjectorCreator.injectDynamically(InternalInjectorCreator.java:180) ~[guice-4.0.jar:na]
	... 26 common frames omitted
2015-10-20 22:21:11,059 [ERROR] from application in New I/O worker #3 - 

! @6nonk3a9c - Internal server error, for (GET) [/] ->
 
play.api.UnexpectedException: Unexpected exception[CreationException: Unable to create injector, see the following errors:

1) Error injecting constructor, java.lang.RuntimeException: There is no started application
  at models.daos.UserDAOImpl.<init>(UserDAOImpl.scala:18)
  while locating models.daos.UserDAOImpl
    for parameter 0 at modules.InitialData.<init>(InitialData.scala:17)
  at modules.SilhouetteModule.configure(SilhouetteModule.scala:56) (via modules: com.google.inject.util.Modules$OverrideModule -> modules.SilhouetteModule)
  while locating modules.InitialData

1 error]
	at play.core.server.DevServerStart$$anonfun$mainDev$1$$anon$1$$anonfun$get$1$$anonfun$apply$1$$anonfun$1.apply(DevServerStart.scala:165) ~[play-server_2.11-2.4.2.jar:2.4.2]
	at play.core.server.DevServerStart$$anonfun$mainDev$1$$anon$1$$anonfun$get$1$$anonfun$apply$1$$anonfun$1.apply(DevServerStart.scala:121) ~[play-server_2.11-2.4.2.jar:2.4.2]
	at scala.Option.map(Option.scala:146) ~[scala-library-2.11.7.jar:na]
	at play.core.server.DevServerStart$$anonfun$mainDev$1$$anon$1$$anonfun$get$1$$anonfun$apply$1.apply(DevServerStart.scala:121) ~[play-server_2.11-2.4.2.jar:2.4.2]
	at play.core.server.DevServerStart$$anonfun$mainDev$1$$anon$1$$anonfun$get$1$$anonfun$apply$1.apply(DevServerStart.scala:119) ~[play-server_2.11-2.4.2.jar:2.4.2]
	at scala.util.Success.flatMap(Try.scala:231) ~[scala-library-2.11.7.jar:na]
	at play.core.server.DevServerStart$$anonfun$mainDev$1$$anon$1$$anonfun$get$1.apply(DevServerStart.scala:119) ~[play-server_2.11-2.4.2.jar:2.4.2]
	at play.core.server.DevServerStart$$anonfun$mainDev$1$$anon$1$$anonfun$get$1.apply(DevServerStart.scala:111) ~[play-server_2.11-2.4.2.jar:2.4.2]
	at scala.concurrent.impl.Future$PromiseCompletingRunnable.liftedTree1$1(Future.scala:24) ~[scala-library-2.11.7.jar:na]
	at scala.concurrent.impl.Future$PromiseCompletingRunnable.run(Future.scala:24) ~[scala-library-2.11.7.jar:na]
	at java.util.concurrent.ForkJoinTask$RunnableExecuteAction.exec(ForkJoinTask.java:1402) ~[na:1.8.0_51]
	at java.util.concurrent.ForkJoinTask.doExec(ForkJoinTask.java:289) ~[na:1.8.0_51]
	at java.util.concurrent.ForkJoinPool$WorkQueue.runTask(ForkJoinPool.java:1056) ~[na:1.8.0_51]
	at java.util.concurrent.ForkJoinPool.runWorker(ForkJoinPool.java:1689) ~[na:1.8.0_51]
	at java.util.concurrent.ForkJoinWorkerThread.run(ForkJoinWorkerThread.java:157) ~[na:1.8.0_51]
Caused by: com.google.inject.CreationException: Unable to create injector, see the following errors:

1) Error injecting constructor, java.lang.RuntimeException: There is no started application
  at models.daos.UserDAOImpl.<init>(UserDAOImpl.scala:18)
  while locating models.daos.UserDAOImpl
    for parameter 0 at modules.InitialData.<init>(InitialData.scala:17)
  at modules.SilhouetteModule.configure(SilhouetteModule.scala:56) (via modules: com.google.inject.util.Modules$OverrideModule -> modules.SilhouetteModule)
  while locating modules.InitialData

1 error
	at com.google.inject.internal.Errors.throwCreationExceptionIfErrorsExist(Errors.java:466) ~[guice-4.0.jar:na]
	at com.google.inject.internal.InternalInjectorCreator.injectDynamically(InternalInjectorCreator.java:184) ~[guice-4.0.jar:na]
	at com.google.inject.internal.InternalInjectorCreator.build(InternalInjectorCreator.java:110) ~[guice-4.0.jar:na]
	at com.google.inject.Guice.createInjector(Guice.java:96) ~[guice-4.0.jar:na]
	at com.google.inject.Guice.createInjector(Guice.java:73) ~[guice-4.0.jar:na]
	at com.google.inject.Guice.createInjector(Guice.java:62) ~[guice-4.0.jar:na]
	at play.api.inject.guice.GuiceBuilder.injector(GuiceInjectorBuilder.scala:126) ~[play_2.11-2.4.2.jar:2.4.2]
	at play.api.inject.guice.GuiceApplicationBuilder.build(GuiceApplicationBuilder.scala:93) ~[play_2.11-2.4.2.jar:2.4.2]
	at play.api.inject.guice.GuiceApplicationLoader.load(GuiceApplicationLoader.scala:21) ~[play_2.11-2.4.2.jar:2.4.2]
	at play.core.server.DevServerStart$$anonfun$mainDev$1$$anon$1$$anonfun$get$1$$anonfun$apply$1$$anonfun$1$$anonfun$2.apply(DevServerStart.scala:153) ~[play-server_2.11-2.4.2.jar:2.4.2]
	at play.core.server.DevServerStart$$anonfun$mainDev$1$$anon$1$$anonfun$get$1$$anonfun$apply$1$$anonfun$1$$anonfun$2.apply(DevServerStart.scala:150) ~[play-server_2.11-2.4.2.jar:2.4.2]
	at play.utils.Threads$.withContextClassLoader(Threads.scala:21) ~[play_2.11-2.4.2.jar:2.4.2]
	at play.core.server.DevServerStart$$anonfun$mainDev$1$$anon$1$$anonfun$get$1$$anonfun$apply$1$$anonfun$1.apply(DevServerStart.scala:150) ~[play-server_2.11-2.4.2.jar:2.4.2]
	... 14 common frames omitted
Caused by: java.lang.RuntimeException: There is no started application
	at scala.sys.package$.error(package.scala:27) ~[scala-library-2.11.7.jar:na]
	at play.api.Play$$anonfun$current$1.apply(Play.scala:71) ~[play_2.11-2.4.2.jar:2.4.2]
	at play.api.Play$$anonfun$current$1.apply(Play.scala:71) ~[play_2.11-2.4.2.jar:2.4.2]
	at scala.Option.getOrElse(Option.scala:121) ~[scala-library-2.11.7.jar:na]
	at play.api.Play$.current(Play.scala:71) ~[play_2.11-2.4.2.jar:2.4.2]
	at models.daos.DAOSlick$class.$init$(DAOSlick.scala:12) ~[na:na]
	at models.daos.UserDAOImpl.<init>(UserDAOImpl.scala:18) ~[na:na]
	at models.daos.UserDAOImpl$$FastClassByGuice$$d7751e1e.newInstance(<generated>) ~[na:na]
	at com.google.inject.internal.cglib.reflect.$FastConstructor.newInstance(FastConstructor.java:40) ~[guice-4.0.jar:na]
	at com.google.inject.internal.DefaultConstructionProxyFactory$1.newInstance(DefaultConstructionProxyFactory.java:61) ~[guice-4.0.jar:na]
	at com.google.inject.internal.ConstructorInjector.provision(ConstructorInjector.java:105) ~[guice-4.0.jar:na]
	at com.google.inject.internal.ConstructorInjector.construct(ConstructorInjector.java:85) ~[guice-4.0.jar:na]
	at com.google.inject.internal.ConstructorBindingImpl$Factory.get(ConstructorBindingImpl.java:267) ~[guice-4.0.jar:na]
	at com.google.inject.internal.SingleParameterInjector.inject(SingleParameterInjector.java:38) ~[guice-4.0.jar:na]
	at com.google.inject.internal.SingleParameterInjector.getAll(SingleParameterInjector.java:62) ~[guice-4.0.jar:na]
	at com.google.inject.internal.ConstructorInjector.provision(ConstructorInjector.java:104) ~[guice-4.0.jar:na]
	at com.google.inject.internal.ConstructorInjector.construct(ConstructorInjector.java:85) ~[guice-4.0.jar:na]
	at com.google.inject.internal.ConstructorBindingImpl$Factory.get(ConstructorBindingImpl.java:267) ~[guice-4.0.jar:na]
	at com.google.inject.internal.ProviderToInternalFactoryAdapter$1.call(ProviderToInternalFactoryAdapter.java:46) ~[guice-4.0.jar:na]
	at com.google.inject.internal.InjectorImpl.callInContext(InjectorImpl.java:1103) ~[guice-4.0.jar:na]
	at com.google.inject.internal.ProviderToInternalFactoryAdapter.get(ProviderToInternalFactoryAdapter.java:40) ~[guice-4.0.jar:na]
	at com.google.inject.internal.SingletonScope$1.get(SingletonScope.java:145) ~[guice-4.0.jar:na]
	at com.google.inject.internal.InternalFactoryToProviderAdapter.get(InternalFactoryToProviderAdapter.java:41) ~[guice-4.0.jar:na]
	at com.google.inject.internal.InternalInjectorCreator$1.call(InternalInjectorCreator.java:205) ~[guice-4.0.jar:na]
	at com.google.inject.internal.InternalInjectorCreator$1.call(InternalInjectorCreator.java:199) ~[guice-4.0.jar:na]
	at com.google.inject.internal.InjectorImpl.callInContext(InjectorImpl.java:1092) ~[guice-4.0.jar:na]
	at com.google.inject.internal.InternalInjectorCreator.loadEagerSingletons(InternalInjectorCreator.java:199) ~[guice-4.0.jar:na]
	at com.google.inject.internal.InternalInjectorCreator.injectDynamically(InternalInjectorCreator.java:180) ~[guice-4.0.jar:na]
	... 25 common frames omitted
2015-10-20 22:23:36,489 [ERROR] from application in New I/O worker #3 - 

! @6nonkbhdf - Internal server error, for (GET) [/] ->
 
play.api.UnexpectedException: Unexpected exception[CreationException: Unable to create injector, see the following errors:

1) Error injecting constructor, java.lang.RuntimeException: There is no started application
  at models.daos.UserDAOImpl.<init>(UserDAOImpl.scala:19)
  at models.daos.UserDAOImpl.class(UserDAOImpl.scala:19)
  while locating models.daos.UserDAOImpl
    for parameter 0 at modules.InitialData.<init>(InitialData.scala:17)
  at modules.SilhouetteModule.configure(SilhouetteModule.scala:56) (via modules: com.google.inject.util.Modules$OverrideModule -> modules.SilhouetteModule)
  while locating modules.InitialData

1 error]
	at play.core.server.DevServerStart$$anonfun$mainDev$1$$anon$1$$anonfun$get$1$$anonfun$apply$1$$anonfun$1.apply(DevServerStart.scala:165) ~[play-server_2.11-2.4.2.jar:2.4.2]
	at play.core.server.DevServerStart$$anonfun$mainDev$1$$anon$1$$anonfun$get$1$$anonfun$apply$1$$anonfun$1.apply(DevServerStart.scala:121) ~[play-server_2.11-2.4.2.jar:2.4.2]
	at scala.Option.map(Option.scala:146) ~[scala-library-2.11.7.jar:na]
	at play.core.server.DevServerStart$$anonfun$mainDev$1$$anon$1$$anonfun$get$1$$anonfun$apply$1.apply(DevServerStart.scala:121) ~[play-server_2.11-2.4.2.jar:2.4.2]
	at play.core.server.DevServerStart$$anonfun$mainDev$1$$anon$1$$anonfun$get$1$$anonfun$apply$1.apply(DevServerStart.scala:119) ~[play-server_2.11-2.4.2.jar:2.4.2]
	at scala.util.Success.flatMap(Try.scala:231) ~[scala-library-2.11.7.jar:na]
	at play.core.server.DevServerStart$$anonfun$mainDev$1$$anon$1$$anonfun$get$1.apply(DevServerStart.scala:119) ~[play-server_2.11-2.4.2.jar:2.4.2]
	at play.core.server.DevServerStart$$anonfun$mainDev$1$$anon$1$$anonfun$get$1.apply(DevServerStart.scala:111) ~[play-server_2.11-2.4.2.jar:2.4.2]
	at scala.concurrent.impl.Future$PromiseCompletingRunnable.liftedTree1$1(Future.scala:24) ~[scala-library-2.11.7.jar:na]
	at scala.concurrent.impl.Future$PromiseCompletingRunnable.run(Future.scala:24) ~[scala-library-2.11.7.jar:na]
	at java.util.concurrent.ForkJoinTask$RunnableExecuteAction.exec(ForkJoinTask.java:1402) ~[na:1.8.0_51]
	at java.util.concurrent.ForkJoinTask.doExec(ForkJoinTask.java:289) ~[na:1.8.0_51]
	at java.util.concurrent.ForkJoinPool$WorkQueue.runTask(ForkJoinPool.java:1056) ~[na:1.8.0_51]
	at java.util.concurrent.ForkJoinPool.runWorker(ForkJoinPool.java:1689) ~[na:1.8.0_51]
	at java.util.concurrent.ForkJoinWorkerThread.run(ForkJoinWorkerThread.java:157) ~[na:1.8.0_51]
Caused by: com.google.inject.CreationException: Unable to create injector, see the following errors:

1) Error injecting constructor, java.lang.RuntimeException: There is no started application
  at models.daos.UserDAOImpl.<init>(UserDAOImpl.scala:19)
  at models.daos.UserDAOImpl.class(UserDAOImpl.scala:19)
  while locating models.daos.UserDAOImpl
    for parameter 0 at modules.InitialData.<init>(InitialData.scala:17)
  at modules.SilhouetteModule.configure(SilhouetteModule.scala:56) (via modules: com.google.inject.util.Modules$OverrideModule -> modules.SilhouetteModule)
  while locating modules.InitialData

1 error
	at com.google.inject.internal.Errors.throwCreationExceptionIfErrorsExist(Errors.java:466) ~[guice-4.0.jar:na]
	at com.google.inject.internal.InternalInjectorCreator.injectDynamically(InternalInjectorCreator.java:184) ~[guice-4.0.jar:na]
	at com.google.inject.internal.InternalInjectorCreator.build(InternalInjectorCreator.java:110) ~[guice-4.0.jar:na]
	at com.google.inject.Guice.createInjector(Guice.java:96) ~[guice-4.0.jar:na]
	at com.google.inject.Guice.createInjector(Guice.java:73) ~[guice-4.0.jar:na]
	at com.google.inject.Guice.createInjector(Guice.java:62) ~[guice-4.0.jar:na]
	at play.api.inject.guice.GuiceBuilder.injector(GuiceInjectorBuilder.scala:126) ~[play_2.11-2.4.2.jar:2.4.2]
	at play.api.inject.guice.GuiceApplicationBuilder.build(GuiceApplicationBuilder.scala:93) ~[play_2.11-2.4.2.jar:2.4.2]
	at play.api.inject.guice.GuiceApplicationLoader.load(GuiceApplicationLoader.scala:21) ~[play_2.11-2.4.2.jar:2.4.2]
	at play.core.server.DevServerStart$$anonfun$mainDev$1$$anon$1$$anonfun$get$1$$anonfun$apply$1$$anonfun$1$$anonfun$2.apply(DevServerStart.scala:153) ~[play-server_2.11-2.4.2.jar:2.4.2]
	at play.core.server.DevServerStart$$anonfun$mainDev$1$$anon$1$$anonfun$get$1$$anonfun$apply$1$$anonfun$1$$anonfun$2.apply(DevServerStart.scala:150) ~[play-server_2.11-2.4.2.jar:2.4.2]
	at play.utils.Threads$.withContextClassLoader(Threads.scala:21) ~[play_2.11-2.4.2.jar:2.4.2]
	at play.core.server.DevServerStart$$anonfun$mainDev$1$$anon$1$$anonfun$get$1$$anonfun$apply$1$$anonfun$1.apply(DevServerStart.scala:150) ~[play-server_2.11-2.4.2.jar:2.4.2]
	... 14 common frames omitted
Caused by: java.lang.RuntimeException: There is no started application
	at scala.sys.package$.error(package.scala:27) ~[scala-library-2.11.7.jar:na]
	at play.api.Play$$anonfun$current$1.apply(Play.scala:71) ~[play_2.11-2.4.2.jar:2.4.2]
	at play.api.Play$$anonfun$current$1.apply(Play.scala:71) ~[play_2.11-2.4.2.jar:2.4.2]
	at scala.Option.getOrElse(Option.scala:121) ~[scala-library-2.11.7.jar:na]
	at play.api.Play$.current(Play.scala:71) ~[play_2.11-2.4.2.jar:2.4.2]
	at models.daos.DAOSlick$class.$init$(DAOSlick.scala:12) ~[na:na]
	at models.daos.UserDAOImpl.<init>(UserDAOImpl.scala:19) ~[na:na]
	at models.daos.UserDAOImpl$$FastClassByGuice$$d7751e1e.newInstance(<generated>) ~[na:na]
	at com.google.inject.internal.cglib.reflect.$FastConstructor.newInstance(FastConstructor.java:40) ~[guice-4.0.jar:na]
	at com.google.inject.internal.DefaultConstructionProxyFactory$1.newInstance(DefaultConstructionProxyFactory.java:61) ~[guice-4.0.jar:na]
	at com.google.inject.internal.ConstructorInjector.provision(ConstructorInjector.java:105) ~[guice-4.0.jar:na]
	at com.google.inject.internal.ConstructorInjector.construct(ConstructorInjector.java:85) ~[guice-4.0.jar:na]
	at com.google.inject.internal.ConstructorBindingImpl$Factory.get(ConstructorBindingImpl.java:267) ~[guice-4.0.jar:na]
	at com.google.inject.internal.ProviderToInternalFactoryAdapter$1.call(ProviderToInternalFactoryAdapter.java:46) ~[guice-4.0.jar:na]
	at com.google.inject.internal.InjectorImpl.callInContext(InjectorImpl.java:1103) ~[guice-4.0.jar:na]
	at com.google.inject.internal.ProviderToInternalFactoryAdapter.get(ProviderToInternalFactoryAdapter.java:40) ~[guice-4.0.jar:na]
	at com.google.inject.internal.SingletonScope$1.get(SingletonScope.java:145) ~[guice-4.0.jar:na]
	at com.google.inject.internal.InternalFactoryToProviderAdapter.get(InternalFactoryToProviderAdapter.java:41) ~[guice-4.0.jar:na]
	at com.google.inject.internal.SingleParameterInjector.inject(SingleParameterInjector.java:38) ~[guice-4.0.jar:na]
	at com.google.inject.internal.SingleParameterInjector.getAll(SingleParameterInjector.java:62) ~[guice-4.0.jar:na]
	at com.google.inject.internal.ConstructorInjector.provision(ConstructorInjector.java:104) ~[guice-4.0.jar:na]
	at com.google.inject.internal.ConstructorInjector.construct(ConstructorInjector.java:85) ~[guice-4.0.jar:na]
	at com.google.inject.internal.ConstructorBindingImpl$Factory.get(ConstructorBindingImpl.java:267) ~[guice-4.0.jar:na]
	at com.google.inject.internal.ProviderToInternalFactoryAdapter$1.call(ProviderToInternalFactoryAdapter.java:46) ~[guice-4.0.jar:na]
	at com.google.inject.internal.InjectorImpl.callInContext(InjectorImpl.java:1103) ~[guice-4.0.jar:na]
	at com.google.inject.internal.ProviderToInternalFactoryAdapter.get(ProviderToInternalFactoryAdapter.java:40) ~[guice-4.0.jar:na]
	at com.google.inject.internal.SingletonScope$1.get(SingletonScope.java:145) ~[guice-4.0.jar:na]
	at com.google.inject.internal.InternalFactoryToProviderAdapter.get(InternalFactoryToProviderAdapter.java:41) ~[guice-4.0.jar:na]
	at com.google.inject.internal.InternalInjectorCreator$1.call(InternalInjectorCreator.java:205) ~[guice-4.0.jar:na]
	at com.google.inject.internal.InternalInjectorCreator$1.call(InternalInjectorCreator.java:199) ~[guice-4.0.jar:na]
	at com.google.inject.internal.InjectorImpl.callInContext(InjectorImpl.java:1092) ~[guice-4.0.jar:na]
	at com.google.inject.internal.InternalInjectorCreator.loadEagerSingletons(InternalInjectorCreator.java:199) ~[guice-4.0.jar:na]
	at com.google.inject.internal.InternalInjectorCreator.injectDynamically(InternalInjectorCreator.java:180) ~[guice-4.0.jar:na]
	... 25 common frames omitted
2015-10-20 22:24:54,403 [ERROR] from application in New I/O worker #3 - 

! @6nonkg2kg - Internal server error, for (GET) [/] ->
 
play.api.UnexpectedException: Unexpected exception[CreationException: Unable to create injector, see the following errors:

1) Could not find a suitable constructor in modules.InitialData. Classes must have either one (and only one) constructor annotated with @Inject or a zero-argument constructor that is not private.
  at modules.InitialData.class(InitialData.scala:17)
  at modules.SilhouetteModule.configure(SilhouetteModule.scala:56) (via modules: com.google.inject.util.Modules$OverrideModule -> modules.SilhouetteModule)

1 error]
	at play.core.server.DevServerStart$$anonfun$mainDev$1$$anon$1$$anonfun$get$1$$anonfun$apply$1$$anonfun$1.apply(DevServerStart.scala:165) ~[play-server_2.11-2.4.2.jar:2.4.2]
	at play.core.server.DevServerStart$$anonfun$mainDev$1$$anon$1$$anonfun$get$1$$anonfun$apply$1$$anonfun$1.apply(DevServerStart.scala:121) ~[play-server_2.11-2.4.2.jar:2.4.2]
	at scala.Option.map(Option.scala:146) ~[scala-library-2.11.7.jar:na]
	at play.core.server.DevServerStart$$anonfun$mainDev$1$$anon$1$$anonfun$get$1$$anonfun$apply$1.apply(DevServerStart.scala:121) ~[play-server_2.11-2.4.2.jar:2.4.2]
	at play.core.server.DevServerStart$$anonfun$mainDev$1$$anon$1$$anonfun$get$1$$anonfun$apply$1.apply(DevServerStart.scala:119) ~[play-server_2.11-2.4.2.jar:2.4.2]
	at scala.util.Success.flatMap(Try.scala:231) ~[scala-library-2.11.7.jar:na]
	at play.core.server.DevServerStart$$anonfun$mainDev$1$$anon$1$$anonfun$get$1.apply(DevServerStart.scala:119) ~[play-server_2.11-2.4.2.jar:2.4.2]
	at play.core.server.DevServerStart$$anonfun$mainDev$1$$anon$1$$anonfun$get$1.apply(DevServerStart.scala:111) ~[play-server_2.11-2.4.2.jar:2.4.2]
	at scala.concurrent.impl.Future$PromiseCompletingRunnable.liftedTree1$1(Future.scala:24) ~[scala-library-2.11.7.jar:na]
	at scala.concurrent.impl.Future$PromiseCompletingRunnable.run(Future.scala:24) ~[scala-library-2.11.7.jar:na]
	at java.util.concurrent.ForkJoinTask$RunnableExecuteAction.exec(ForkJoinTask.java:1402) ~[na:1.8.0_51]
	at java.util.concurrent.ForkJoinTask.doExec(ForkJoinTask.java:289) ~[na:1.8.0_51]
	at java.util.concurrent.ForkJoinPool$WorkQueue.runTask(ForkJoinPool.java:1056) ~[na:1.8.0_51]
	at java.util.concurrent.ForkJoinPool.runWorker(ForkJoinPool.java:1689) ~[na:1.8.0_51]
	at java.util.concurrent.ForkJoinWorkerThread.run(ForkJoinWorkerThread.java:157) ~[na:1.8.0_51]
Caused by: com.google.inject.CreationException: Unable to create injector, see the following errors:

1) Could not find a suitable constructor in modules.InitialData. Classes must have either one (and only one) constructor annotated with @Inject or a zero-argument constructor that is not private.
  at modules.InitialData.class(InitialData.scala:17)
  at modules.SilhouetteModule.configure(SilhouetteModule.scala:56) (via modules: com.google.inject.util.Modules$OverrideModule -> modules.SilhouetteModule)

1 error
	at com.google.inject.internal.Errors.throwCreationExceptionIfErrorsExist(Errors.java:466) ~[guice-4.0.jar:na]
	at com.google.inject.internal.InternalInjectorCreator.initializeStatically(InternalInjectorCreator.java:155) ~[guice-4.0.jar:na]
	at com.google.inject.internal.InternalInjectorCreator.build(InternalInjectorCreator.java:107) ~[guice-4.0.jar:na]
	at com.google.inject.Guice.createInjector(Guice.java:96) ~[guice-4.0.jar:na]
	at com.google.inject.Guice.createInjector(Guice.java:73) ~[guice-4.0.jar:na]
	at com.google.inject.Guice.createInjector(Guice.java:62) ~[guice-4.0.jar:na]
	at play.api.inject.guice.GuiceBuilder.injector(GuiceInjectorBuilder.scala:126) ~[play_2.11-2.4.2.jar:2.4.2]
	at play.api.inject.guice.GuiceApplicationBuilder.build(GuiceApplicationBuilder.scala:93) ~[play_2.11-2.4.2.jar:2.4.2]
	at play.api.inject.guice.GuiceApplicationLoader.load(GuiceApplicationLoader.scala:21) ~[play_2.11-2.4.2.jar:2.4.2]
	at play.core.server.DevServerStart$$anonfun$mainDev$1$$anon$1$$anonfun$get$1$$anonfun$apply$1$$anonfun$1$$anonfun$2.apply(DevServerStart.scala:153) ~[play-server_2.11-2.4.2.jar:2.4.2]
	at play.core.server.DevServerStart$$anonfun$mainDev$1$$anon$1$$anonfun$get$1$$anonfun$apply$1$$anonfun$1$$anonfun$2.apply(DevServerStart.scala:150) ~[play-server_2.11-2.4.2.jar:2.4.2]
	at play.utils.Threads$.withContextClassLoader(Threads.scala:21) ~[play_2.11-2.4.2.jar:2.4.2]
	at play.core.server.DevServerStart$$anonfun$mainDev$1$$anon$1$$anonfun$get$1$$anonfun$apply$1$$anonfun$1.apply(DevServerStart.scala:150) ~[play-server_2.11-2.4.2.jar:2.4.2]
	... 14 common frames omitted
2015-10-20 22:27:09,945 [INFO] from play.api.libs.concurrent.ActorSystemProvider in ForkJoinPool-1-worker-0 - Starting application default Akka system: application
2015-10-20 22:27:10,913 [INFO] from play.api.Play in ForkJoinPool-1-worker-0 - Application started (Dev)
2015-10-20 23:32:07,210 [INFO] from play.api.libs.concurrent.ActorSystemProvider in application-akka.actor.default-dispatcher-2 - Shutdown application default Akka system: application
2015-10-20 23:32:08,194 [INFO] from play.api.libs.concurrent.ActorSystemProvider in application-akka.actor.default-dispatcher-2 - Starting application default Akka system: application
2015-10-20 23:32:09,298 [INFO] from play.api.Play in application-akka.actor.default-dispatcher-2 - Application started (Dev)
2015-10-20 23:32:36,634 [INFO] from play.api.libs.concurrent.ActorSystemProvider in application-akka.actor.default-dispatcher-4 - Shutdown application default Akka system: application
2015-10-20 23:32:37,546 [ERROR] from application in New I/O worker #2 - 

! @6noo3d788 - Internal server error, for (GET) [/] ->
 
play.api.UnexpectedException: Unexpected exception[CreationException: Unable to create injector, see the following errors:

1) Error injecting constructor, java.lang.RuntimeException: There is no started application
  at models.daos.UserDAOImpl.<init>(UserDAOImpl.scala:19)
  at models.daos.UserDAOImpl.class(UserDAOImpl.scala:19)
  while locating models.daos.UserDAOImpl
    for parameter 0 at modules.InitialData.<init>(InitialData.scala:16)
  at modules.SilhouetteModule.configure(SilhouetteModule.scala:56) (via modules: com.google.inject.util.Modules$OverrideModule -> modules.SilhouetteModule)
  while locating modules.InitialData

1 error]
	at play.core.server.DevServerStart$$anonfun$mainDev$1$$anon$1$$anonfun$get$1$$anonfun$apply$1$$anonfun$1.apply(DevServerStart.scala:165) ~[play-server_2.11-2.4.2.jar:2.4.2]
	at play.core.server.DevServerStart$$anonfun$mainDev$1$$anon$1$$anonfun$get$1$$anonfun$apply$1$$anonfun$1.apply(DevServerStart.scala:121) ~[play-server_2.11-2.4.2.jar:2.4.2]
	at scala.Option.map(Option.scala:146) ~[scala-library-2.11.7.jar:na]
	at play.core.server.DevServerStart$$anonfun$mainDev$1$$anon$1$$anonfun$get$1$$anonfun$apply$1.apply(DevServerStart.scala:121) ~[play-server_2.11-2.4.2.jar:2.4.2]
	at play.core.server.DevServerStart$$anonfun$mainDev$1$$anon$1$$anonfun$get$1$$anonfun$apply$1.apply(DevServerStart.scala:119) ~[play-server_2.11-2.4.2.jar:2.4.2]
	at scala.util.Success.flatMap(Try.scala:231) ~[scala-library-2.11.7.jar:na]
	at play.core.server.DevServerStart$$anonfun$mainDev$1$$anon$1$$anonfun$get$1.apply(DevServerStart.scala:119) ~[play-server_2.11-2.4.2.jar:2.4.2]
	at play.core.server.DevServerStart$$anonfun$mainDev$1$$anon$1$$anonfun$get$1.apply(DevServerStart.scala:111) ~[play-server_2.11-2.4.2.jar:2.4.2]
	at scala.concurrent.impl.Future$PromiseCompletingRunnable.liftedTree1$1(Future.scala:24) ~[scala-library-2.11.7.jar:na]
	at scala.concurrent.impl.Future$PromiseCompletingRunnable.run(Future.scala:24) ~[scala-library-2.11.7.jar:na]
	at akka.dispatch.TaskInvocation.run(AbstractDispatcher.scala:40) ~[akka-actor_2.11-2.3.11.jar:na]
	at akka.dispatch.ForkJoinExecutorConfigurator$AkkaForkJoinTask.exec(AbstractDispatcher.scala:397) ~[akka-actor_2.11-2.3.11.jar:na]
	at scala.concurrent.forkjoin.ForkJoinTask.doExec(ForkJoinTask.java:260) ~[scala-library-2.11.7.jar:na]
	at scala.concurrent.forkjoin.ForkJoinPool$WorkQueue.runTask(ForkJoinPool.java:1339) ~[scala-library-2.11.7.jar:na]
	at scala.concurrent.forkjoin.ForkJoinPool.runWorker(ForkJoinPool.java:1979) ~[scala-library-2.11.7.jar:na]
	at scala.concurrent.forkjoin.ForkJoinWorkerThread.run(ForkJoinWorkerThread.java:107) ~[scala-library-2.11.7.jar:na]
Caused by: com.google.inject.CreationException: Unable to create injector, see the following errors:

1) Error injecting constructor, java.lang.RuntimeException: There is no started application
  at models.daos.UserDAOImpl.<init>(UserDAOImpl.scala:19)
  at models.daos.UserDAOImpl.class(UserDAOImpl.scala:19)
  while locating models.daos.UserDAOImpl
    for parameter 0 at modules.InitialData.<init>(InitialData.scala:16)
  at modules.SilhouetteModule.configure(SilhouetteModule.scala:56) (via modules: com.google.inject.util.Modules$OverrideModule -> modules.SilhouetteModule)
  while locating modules.InitialData

1 error
	at com.google.inject.internal.Errors.throwCreationExceptionIfErrorsExist(Errors.java:466) ~[guice-4.0.jar:na]
	at com.google.inject.internal.InternalInjectorCreator.injectDynamically(InternalInjectorCreator.java:184) ~[guice-4.0.jar:na]
	at com.google.inject.internal.InternalInjectorCreator.build(InternalInjectorCreator.java:110) ~[guice-4.0.jar:na]
	at com.google.inject.Guice.createInjector(Guice.java:96) ~[guice-4.0.jar:na]
	at com.google.inject.Guice.createInjector(Guice.java:73) ~[guice-4.0.jar:na]
	at com.google.inject.Guice.createInjector(Guice.java:62) ~[guice-4.0.jar:na]
	at play.api.inject.guice.GuiceBuilder.injector(GuiceInjectorBuilder.scala:126) ~[play_2.11-2.4.2.jar:2.4.2]
	at play.api.inject.guice.GuiceApplicationBuilder.build(GuiceApplicationBuilder.scala:93) ~[play_2.11-2.4.2.jar:2.4.2]
	at play.api.inject.guice.GuiceApplicationLoader.load(GuiceApplicationLoader.scala:21) ~[play_2.11-2.4.2.jar:2.4.2]
	at play.core.server.DevServerStart$$anonfun$mainDev$1$$anon$1$$anonfun$get$1$$anonfun$apply$1$$anonfun$1$$anonfun$2.apply(DevServerStart.scala:153) ~[play-server_2.11-2.4.2.jar:2.4.2]
	at play.core.server.DevServerStart$$anonfun$mainDev$1$$anon$1$$anonfun$get$1$$anonfun$apply$1$$anonfun$1$$anonfun$2.apply(DevServerStart.scala:150) ~[play-server_2.11-2.4.2.jar:2.4.2]
	at play.utils.Threads$.withContextClassLoader(Threads.scala:21) ~[play_2.11-2.4.2.jar:2.4.2]
	at play.core.server.DevServerStart$$anonfun$mainDev$1$$anon$1$$anonfun$get$1$$anonfun$apply$1$$anonfun$1.apply(DevServerStart.scala:150) ~[play-server_2.11-2.4.2.jar:2.4.2]
	... 15 common frames omitted
Caused by: java.lang.RuntimeException: There is no started application
	at scala.sys.package$.error(package.scala:27) ~[scala-library-2.11.7.jar:na]
	at play.api.Play$$anonfun$current$1.apply(Play.scala:71) ~[play_2.11-2.4.2.jar:2.4.2]
	at play.api.Play$$anonfun$current$1.apply(Play.scala:71) ~[play_2.11-2.4.2.jar:2.4.2]
	at scala.Option.getOrElse(Option.scala:121) ~[scala-library-2.11.7.jar:na]
	at play.api.Play$.current(Play.scala:71) ~[play_2.11-2.4.2.jar:2.4.2]
	at models.daos.DAOSlick$class.$init$(DAOSlick.scala:12) ~[na:na]
	at models.daos.UserDAOImpl.<init>(UserDAOImpl.scala:19) ~[na:na]
	at models.daos.UserDAOImpl$$FastClassByGuice$$d7751e1e.newInstance(<generated>) ~[na:na]
	at com.google.inject.internal.cglib.reflect.$FastConstructor.newInstance(FastConstructor.java:40) ~[guice-4.0.jar:na]
	at com.google.inject.internal.DefaultConstructionProxyFactory$1.newInstance(DefaultConstructionProxyFactory.java:61) ~[guice-4.0.jar:na]
	at com.google.inject.internal.ConstructorInjector.provision(ConstructorInjector.java:105) ~[guice-4.0.jar:na]
	at com.google.inject.internal.ConstructorInjector.construct(ConstructorInjector.java:85) ~[guice-4.0.jar:na]
	at com.google.inject.internal.ConstructorBindingImpl$Factory.get(ConstructorBindingImpl.java:267) ~[guice-4.0.jar:na]
	at com.google.inject.internal.ProviderToInternalFactoryAdapter$1.call(ProviderToInternalFactoryAdapter.java:46) ~[guice-4.0.jar:na]
	at com.google.inject.internal.InjectorImpl.callInContext(InjectorImpl.java:1103) ~[guice-4.0.jar:na]
	at com.google.inject.internal.ProviderToInternalFactoryAdapter.get(ProviderToInternalFactoryAdapter.java:40) ~[guice-4.0.jar:na]
	at com.google.inject.internal.SingletonScope$1.get(SingletonScope.java:145) ~[guice-4.0.jar:na]
	at com.google.inject.internal.InternalFactoryToProviderAdapter.get(InternalFactoryToProviderAdapter.java:41) ~[guice-4.0.jar:na]
	at com.google.inject.internal.SingleParameterInjector.inject(SingleParameterInjector.java:38) ~[guice-4.0.jar:na]
	at com.google.inject.internal.SingleParameterInjector.getAll(SingleParameterInjector.java:62) ~[guice-4.0.jar:na]
	at com.google.inject.internal.ConstructorInjector.provision(ConstructorInjector.java:104) ~[guice-4.0.jar:na]
	at com.google.inject.internal.ConstructorInjector.construct(ConstructorInjector.java:85) ~[guice-4.0.jar:na]
	at com.google.inject.internal.ConstructorBindingImpl$Factory.get(ConstructorBindingImpl.java:267) ~[guice-4.0.jar:na]
	at com.google.inject.internal.ProviderToInternalFactoryAdapter$1.call(ProviderToInternalFactoryAdapter.java:46) ~[guice-4.0.jar:na]
	at com.google.inject.internal.InjectorImpl.callInContext(InjectorImpl.java:1103) ~[guice-4.0.jar:na]
	at com.google.inject.internal.ProviderToInternalFactoryAdapter.get(ProviderToInternalFactoryAdapter.java:40) ~[guice-4.0.jar:na]
	at com.google.inject.internal.SingletonScope$1.get(SingletonScope.java:145) ~[guice-4.0.jar:na]
	at com.google.inject.internal.InternalFactoryToProviderAdapter.get(InternalFactoryToProviderAdapter.java:41) ~[guice-4.0.jar:na]
	at com.google.inject.internal.InternalInjectorCreator$1.call(InternalInjectorCreator.java:205) ~[guice-4.0.jar:na]
	at com.google.inject.internal.InternalInjectorCreator$1.call(InternalInjectorCreator.java:199) ~[guice-4.0.jar:na]
	at com.google.inject.internal.InjectorImpl.callInContext(InjectorImpl.java:1092) ~[guice-4.0.jar:na]
	at com.google.inject.internal.InternalInjectorCreator.loadEagerSingletons(InternalInjectorCreator.java:199) ~[guice-4.0.jar:na]
	at com.google.inject.internal.InternalInjectorCreator.injectDynamically(InternalInjectorCreator.java:180) ~[guice-4.0.jar:na]
	... 26 common frames omitted
2015-10-20 23:35:44,616 [ERROR] from application in New I/O worker #2 - 

! @6noo3no24 - Internal server error, for (GET) [/] ->
 
play.api.UnexpectedException: Unexpected exception[CreationException: Unable to create injector, see the following errors:

1) Could not find a suitable constructor in modules.InitialData. Classes must have either one (and only one) constructor annotated with @Inject or a zero-argument constructor that is not private.
  at modules.InitialData.class(InitialData.scala:16)
  at modules.SilhouetteModule.configure(SilhouetteModule.scala:56) (via modules: com.google.inject.util.Modules$OverrideModule -> modules.SilhouetteModule)

1 error]
	at play.core.server.DevServerStart$$anonfun$mainDev$1$$anon$1$$anonfun$get$1$$anonfun$apply$1$$anonfun$1.apply(DevServerStart.scala:165) ~[play-server_2.11-2.4.2.jar:2.4.2]
	at play.core.server.DevServerStart$$anonfun$mainDev$1$$anon$1$$anonfun$get$1$$anonfun$apply$1$$anonfun$1.apply(DevServerStart.scala:121) ~[play-server_2.11-2.4.2.jar:2.4.2]
	at scala.Option.map(Option.scala:146) ~[scala-library-2.11.7.jar:na]
	at play.core.server.DevServerStart$$anonfun$mainDev$1$$anon$1$$anonfun$get$1$$anonfun$apply$1.apply(DevServerStart.scala:121) ~[play-server_2.11-2.4.2.jar:2.4.2]
	at play.core.server.DevServerStart$$anonfun$mainDev$1$$anon$1$$anonfun$get$1$$anonfun$apply$1.apply(DevServerStart.scala:119) ~[play-server_2.11-2.4.2.jar:2.4.2]
	at scala.util.Success.flatMap(Try.scala:231) ~[scala-library-2.11.7.jar:na]
	at play.core.server.DevServerStart$$anonfun$mainDev$1$$anon$1$$anonfun$get$1.apply(DevServerStart.scala:119) ~[play-server_2.11-2.4.2.jar:2.4.2]
	at play.core.server.DevServerStart$$anonfun$mainDev$1$$anon$1$$anonfun$get$1.apply(DevServerStart.scala:111) ~[play-server_2.11-2.4.2.jar:2.4.2]
	at scala.concurrent.impl.Future$PromiseCompletingRunnable.liftedTree1$1(Future.scala:24) ~[scala-library-2.11.7.jar:na]
	at scala.concurrent.impl.Future$PromiseCompletingRunnable.run(Future.scala:24) ~[scala-library-2.11.7.jar:na]
	at java.util.concurrent.ForkJoinTask$RunnableExecuteAction.exec(ForkJoinTask.java:1402) ~[na:1.8.0_51]
	at java.util.concurrent.ForkJoinTask.doExec(ForkJoinTask.java:289) ~[na:1.8.0_51]
	at java.util.concurrent.ForkJoinPool$WorkQueue.runTask(ForkJoinPool.java:1056) ~[na:1.8.0_51]
	at java.util.concurrent.ForkJoinPool.runWorker(ForkJoinPool.java:1689) ~[na:1.8.0_51]
	at java.util.concurrent.ForkJoinWorkerThread.run(ForkJoinWorkerThread.java:157) ~[na:1.8.0_51]
Caused by: com.google.inject.CreationException: Unable to create injector, see the following errors:

1) Could not find a suitable constructor in modules.InitialData. Classes must have either one (and only one) constructor annotated with @Inject or a zero-argument constructor that is not private.
  at modules.InitialData.class(InitialData.scala:16)
  at modules.SilhouetteModule.configure(SilhouetteModule.scala:56) (via modules: com.google.inject.util.Modules$OverrideModule -> modules.SilhouetteModule)

1 error
	at com.google.inject.internal.Errors.throwCreationExceptionIfErrorsExist(Errors.java:466) ~[guice-4.0.jar:na]
	at com.google.inject.internal.InternalInjectorCreator.initializeStatically(InternalInjectorCreator.java:155) ~[guice-4.0.jar:na]
	at com.google.inject.internal.InternalInjectorCreator.build(InternalInjectorCreator.java:107) ~[guice-4.0.jar:na]
	at com.google.inject.Guice.createInjector(Guice.java:96) ~[guice-4.0.jar:na]
	at com.google.inject.Guice.createInjector(Guice.java:73) ~[guice-4.0.jar:na]
	at com.google.inject.Guice.createInjector(Guice.java:62) ~[guice-4.0.jar:na]
	at play.api.inject.guice.GuiceBuilder.injector(GuiceInjectorBuilder.scala:126) ~[play_2.11-2.4.2.jar:2.4.2]
	at play.api.inject.guice.GuiceApplicationBuilder.build(GuiceApplicationBuilder.scala:93) ~[play_2.11-2.4.2.jar:2.4.2]
	at play.api.inject.guice.GuiceApplicationLoader.load(GuiceApplicationLoader.scala:21) ~[play_2.11-2.4.2.jar:2.4.2]
	at play.core.server.DevServerStart$$anonfun$mainDev$1$$anon$1$$anonfun$get$1$$anonfun$apply$1$$anonfun$1$$anonfun$2.apply(DevServerStart.scala:153) ~[play-server_2.11-2.4.2.jar:2.4.2]
	at play.core.server.DevServerStart$$anonfun$mainDev$1$$anon$1$$anonfun$get$1$$anonfun$apply$1$$anonfun$1$$anonfun$2.apply(DevServerStart.scala:150) ~[play-server_2.11-2.4.2.jar:2.4.2]
	at play.utils.Threads$.withContextClassLoader(Threads.scala:21) ~[play_2.11-2.4.2.jar:2.4.2]
	at play.core.server.DevServerStart$$anonfun$mainDev$1$$anon$1$$anonfun$get$1$$anonfun$apply$1$$anonfun$1.apply(DevServerStart.scala:150) ~[play-server_2.11-2.4.2.jar:2.4.2]
	... 14 common frames omitted
